<?xml version="1.0" encoding="UTF-8"?>
<testsuite name="JUnit Jupiter" tests="50" skipped="0" failures="0" errors="0" time="11.305" hostname="anatoliy-TravelMate-5744" timestamp="2018-03-11T16:14:09">
<properties>
<property name="awt.toolkit" value="sun.awt.X11.XToolkit"/>
<property name="file.encoding" value="UTF-8"/>
<property name="file.encoding.pkg" value="sun.io"/>
<property name="file.separator" value="/"/>
<property name="java.awt.graphicsenv" value="sun.awt.X11GraphicsEnvironment"/>
<property name="java.awt.printerjob" value="sun.print.PSPrinterJob"/>
<property name="java.class.path" value="/home/anatoliy/IdeaProjects/tellus/tellus/airport/build/classes/java/test:/home/anatoliy/IdeaProjects/tellus/tellus/airport/build/resources/test:/home/anatoliy/IdeaProjects/tellus/tellus/airport/build/classes/java/main:/home/anatoliy/IdeaProjects/tellus/tellus/airport/build/resources/main:/home/anatoliy/.gradle/caches/modules-2/files-2.1/com.h2database/h2/1.4.196/dd0034398d593aa3588c6773faac429bbd9aea0e/h2-1.4.196.jar:/home/anatoliy/.gradle/caches/modules-2/files-2.1/mysql/mysql-connector-java/5.1.6/380ef5226de2c85ff3b38cbfefeea881c5fce09d/mysql-connector-java-5.1.6.jar:/home/anatoliy/.gradle/caches/modules-2/files-2.1/log4j/log4j/1.2.17/5af35056b4d257e4b64b9e8069c0746e8b08629f/log4j-1.2.17.jar:/home/anatoliy/.gradle/caches/modules-2/files-2.1/org.junit.jupiter/junit-jupiter-engine/5.1.0/c54b96b465bb5b49c7708d734a4180dd95422754/junit-jupiter-engine-5.1.0.jar:/home/anatoliy/.gradle/caches/modules-2/files-2.1/org.springframework.boot/spring-boot-starter-test/1.5.6.RELEASE/a0e9b338bf492ddc68051e7d4ed62f2cbad067ef/spring-boot-starter-test-1.5.6.RELEASE.jar:/home/anatoliy/.gradle/caches/modules-2/files-2.1/org.assertj/assertj-core/3.3.0/fbd73ef6253e365c21a56b0c83a2dfc6ddad8f11/assertj-core-3.3.0.jar:/home/anatoliy/.gradle/caches/modules-2/files-2.1/org.hamcrest/hamcrest-library/1.3/4785a3c21320980282f9f33d0d1264a69040538f/hamcrest-library-1.3.jar:/home/anatoliy/.gradle/caches/modules-2/files-2.1/junit/junit/4.12/2973d150c0dc1fefe998f834810d68f278ea58ec/junit-4.12.jar:/home/anatoliy/.gradle/caches/modules-2/files-2.1/org.mockito/mockito-core/1.10.19/e8546f5bef4e061d8dd73895b4e8f40e3fe6effe/mockito-core-1.10.19.jar:/home/anatoliy/.gradle/caches/modules-2/files-2.1/org.hamcrest/hamcrest-core/1.3/42a25dc3219429f0e5d060061f71acb49bf010a0/hamcrest-core-1.3.jar:/home/anatoliy/.gradle/caches/modules-2/files-2.1/org.mockito/mockito-all/1.10.19/539df70269cc254a58cccc5d8e43286b4a73bf30/mockito-all-1.10.19.jar:/home/anatoliy/.gradle/caches/modules-2/files-2.1/org.junit.platform/junit-platform-engine/1.1.0/2596bd4d909e7ea8d029272db4338075445d731b/junit-platform-engine-1.1.0.jar:/home/anatoliy/.gradle/caches/modules-2/files-2.1/org.junit.jupiter/junit-jupiter-api/5.1.0/370218fbc7ce9cf0600c4b5db400bccdf0c01a48/junit-jupiter-api-5.1.0.jar:/home/anatoliy/.gradle/caches/modules-2/files-2.1/org.junit.platform/junit-platform-commons/1.1.0/d6aa21029f9cedfb4cc8a9e9efc0bd97987205b8/junit-platform-commons-1.1.0.jar:/home/anatoliy/.gradle/caches/modules-2/files-2.1/org.apiguardian/apiguardian-api/1.0.0/3ef5276905e36f4d8055fe3cb0bdcc7503ffc85d/apiguardian-api-1.0.0.jar:/home/anatoliy/.gradle/caches/modules-2/files-2.1/org.springframework.boot/spring-boot-test-autoconfigure/1.5.6.RELEASE/d4fdc79a4a1331718465ba4564a0a3555f1e0faa/spring-boot-test-autoconfigure-1.5.6.RELEASE.jar:/home/anatoliy/.gradle/caches/modules-2/files-2.1/org.springframework.boot/spring-boot-test/1.5.6.RELEASE/7bf97882d08b0ae5f61e5a6ced99451663a02a5d/spring-boot-test-1.5.6.RELEASE.jar:/home/anatoliy/.gradle/caches/modules-2/files-2.1/com.jayway.jsonpath/json-path/2.2.0/22290d17944bd239fabf5ac69005a60a7ecbbbcb/json-path-2.2.0.jar:/home/anatoliy/.gradle/caches/modules-2/files-2.1/org.skyscreamer/jsonassert/1.4.0/9cdbb373a06f6513e51e8c545ee6a5e981463edb/jsonassert-1.4.0.jar:/home/anatoliy/.gradle/caches/modules-2/files-2.1/org.springframework/spring-test/4.3.10.RELEASE/e82664ba39497626cd29298cb16c161d901bfbee/spring-test-4.3.10.RELEASE.jar:/home/anatoliy/.gradle/caches/modules-2/files-2.1/org.springframework.boot/spring-boot-autoconfigure/1.5.6.RELEASE/436d14480a4ebeaca7cd223ab97790d515f46ad2/spring-boot-autoconfigure-1.5.6.RELEASE.jar:/home/anatoliy/.gradle/caches/modules-2/files-2.1/org.springframework.boot/spring-boot/1.5.6.RELEASE/a6e13da038c6eb8b8793795b3189d5ff3f39caa0/spring-boot-1.5.6.RELEASE.jar:/home/anatoliy/.gradle/caches/modules-2/files-2.1/org.springframework/spring-context/4.3.10.RELEASE/645ce6fdba38448d183a1374506fc24036009869/spring-context-4.3.10.RELEASE.jar:/home/anatoliy/.gradle/caches/modules-2/files-2.1/org.springframework/spring-aop/4.3.10.RELEASE/3a8c23246045e5e1dbd7d91354741b165e997a88/spring-aop-4.3.10.RELEASE.jar:/home/anatoliy/.gradle/caches/modules-2/files-2.1/org.springframework/spring-beans/4.3.10.RELEASE/9d89b786f755f9b1da344f10f6f045f927679a72/spring-beans-4.3.10.RELEASE.jar:/home/anatoliy/.gradle/caches/modules-2/files-2.1/org.springframework/spring-expression/4.3.10.RELEASE/4975ab542028945ab98fefba772472a40495d7ca/spring-expression-4.3.10.RELEASE.jar:/home/anatoliy/.gradle/caches/modules-2/files-2.1/org.springframework/spring-core/4.3.10.RELEASE/db1462df62dbedad7244da30ec471390660271c0/spring-core-4.3.10.RELEASE.jar:/home/anatoliy/.gradle/caches/modules-2/files-2.1/org.opentest4j/opentest4j/1.0.0/6f09c598e9ff64bf0ce2fa7e7de49a99ba83c0b4/opentest4j-1.0.0.jar:/home/anatoliy/.gradle/caches/modules-2/files-2.1/net.minidev/json-smart/2.2.1/5b9e5df7a62d1279b70dc882b041d249c4f0b002/json-smart-2.2.1.jar:/home/anatoliy/.gradle/caches/modules-2/files-2.1/org.slf4j/slf4j-api/1.7.16/3a6274f658487d5bfff9af3862beff6da1e7fd52/slf4j-api-1.7.16.jar:/home/anatoliy/.gradle/caches/modules-2/files-2.1/org.objenesis/objenesis/2.1/87c0ea803b69252868d09308b4618f766f135a96/objenesis-2.1.jar:/home/anatoliy/.gradle/caches/modules-2/files-2.1/com.vaadin.external.google/android-json/0.0.20131108.vaadin1/fa26d351fe62a6a17f5cda1287c1c6110dec413f/android-json-0.0.20131108.vaadin1.jar:/home/anatoliy/.gradle/caches/modules-2/files-2.1/net.minidev/accessors-smart/1.1/a527213f2fea112a04c9bdf0ec0264e34104cd08/accessors-smart-1.1.jar:/home/anatoliy/.gradle/caches/modules-2/files-2.1/commons-logging/commons-logging/1.2/4bfc12adfe4842bf07b657f0369c4cb522955686/commons-logging-1.2.jar:/home/anatoliy/.gradle/caches/modules-2/files-2.1/org.ow2.asm/asm/5.0.3/dcc2193db20e19e1feca8b1240dbbc4e190824fa/asm-5.0.3.jar:/home/anatoliy/.gradle/caches/modules-2/files-2.1/org.junit.platform/junit-platform-console/1.1.0/1ea376db54ab4ec0018c5e99d414e1c7c034387/junit-platform-console-1.1.0.jar:/home/anatoliy/.gradle/caches/modules-2/files-2.1/org.junit.platform/junit-platform-launcher/1.1.0/ba098edde4e59cacd9225e238ea3ad9c946684ab/junit-platform-launcher-1.1.0.jar"/>
<property name="java.class.version" value="53.0"/>
<property name="java.home" value="/usr/lib/jvm/java-9-oracle"/>
<property name="java.io.tmpdir" value="/tmp"/>
<property name="java.library.path" value="/home/anatoliy/IDEAUltimate/idea-IU-172.4343.14/bin::/usr/java/packages/lib:/usr/lib64:/lib64:/lib:/usr/lib"/>
<property name="java.runtime.name" value="Java(TM) SE Runtime Environment"/>
<property name="java.runtime.version" value="9.0.4+11"/>
<property name="java.specification.name" value="Java Platform API Specification"/>
<property name="java.specification.vendor" value="Oracle Corporation"/>
<property name="java.specification.version" value="9"/>
<property name="java.vendor" value="Oracle Corporation"/>
<property name="java.vendor.url" value="http://java.oracle.com/"/>
<property name="java.vendor.url.bug" value="http://bugreport.java.com/bugreport/"/>
<property name="java.version" value="9.0.4"/>
<property name="java.vm.compressedOopsMode" value="32-bit"/>
<property name="java.vm.info" value="mixed mode"/>
<property name="java.vm.name" value="Java HotSpot(TM) 64-Bit Server VM"/>
<property name="java.vm.specification.name" value="Java Virtual Machine Specification"/>
<property name="java.vm.specification.vendor" value="Oracle Corporation"/>
<property name="java.vm.specification.version" value="9"/>
<property name="java.vm.vendor" value="Oracle Corporation"/>
<property name="java.vm.version" value="9.0.4+11"/>
<property name="jdk.debug" value="release"/>
<property name="line.separator" value="
"/>
<property name="os.arch" value="amd64"/>
<property name="os.name" value="Linux"/>
<property name="os.version" value="4.13.0-36-generic"/>
<property name="path.separator" value=":"/>
<property name="sun.arch.data.model" value="64"/>
<property name="sun.boot.library.path" value="/usr/lib/jvm/java-9-oracle/lib"/>
<property name="sun.cpu.endian" value="little"/>
<property name="sun.cpu.isalist" value=""/>
<property name="sun.io.unicode.encoding" value="UnicodeLittle"/>
<property name="sun.java.command" value="org.junit.platform.console.ConsoleLauncher --details NONE --scan-class-path /home/anatoliy/IdeaProjects/tellus/tellus/airport/build/classes/java/main:/home/anatoliy/IdeaProjects/tellus/tellus/airport/build/resources/main:/home/anatoliy/IdeaProjects/tellus/tellus/airport/build/classes/java/test:/home/anatoliy/IdeaProjects/tellus/tellus/airport/build/resources/test -n ^.*Tests?$ --reports-dir /home/anatoliy/IdeaProjects/tellus/tellus/airport/build/test-results/junit-platform"/>
<property name="sun.java.launcher" value="SUN_STANDARD"/>
<property name="sun.jnu.encoding" value="UTF-8"/>
<property name="sun.management.compiler" value="HotSpot 64-Bit Tiered Compilers"/>
<property name="sun.os.patch.level" value="unknown"/>
<property name="user.country" value="US"/>
<property name="user.dir" value="/home/anatoliy/IdeaProjects/tellus/tellus/airport"/>
<property name="user.home" value="/home/anatoliy"/>
<property name="user.language" value="en"/>
<property name="user.name" value="anatoliy"/>
<property name="user.timezone" value="Europe/Kiev"/>
<property name="user.variant" value=""/>
</properties>
<testcase name="removeByIdWithNegativeIdThrowsDaoException()" classname="com.courses.airport.dao.AirDaoMockTest" time="7.153">
<system-out><![CDATA[
unique-id: [engine:junit-jupiter]/[class:com.courses.airport.dao.AirDaoMockTest]/[method:removeByIdWithNegativeIdThrowsDaoException()]
display-name: removeByIdWithNegativeIdThrowsDaoException()
]]></system-out>
</testcase>
<testcase name="findByIdWithNegativeIdThrowsDaoException()" classname="com.courses.airport.dao.AirDaoMockTest" time="0.038">
<system-out><![CDATA[
unique-id: [engine:junit-jupiter]/[class:com.courses.airport.dao.AirDaoMockTest]/[method:findByIdWithNegativeIdThrowsDaoException()]
display-name: findByIdWithNegativeIdThrowsDaoException()
]]></system-out>
</testcase>
<testcase name="findByIdWithExistingIdReturnsAirport()" classname="com.courses.airport.dao.AirDaoMockTest" time="0.406">
<system-out><![CDATA[
unique-id: [engine:junit-jupiter]/[class:com.courses.airport.dao.AirDaoMockTest]/[method:findByIdWithExistingIdReturnsAirport()]
display-name: findByIdWithExistingIdReturnsAirport()
]]></system-out>
</testcase>
<testcase name="updateWhenBadConnectionThrowsDaoException()" classname="com.courses.airport.dao.AirDaoMockTest" time="0.192">
<system-out><![CDATA[
unique-id: [engine:junit-jupiter]/[class:com.courses.airport.dao.AirDaoMockTest]/[method:updateWhenBadConnectionThrowsDaoException()]
display-name: updateWhenBadConnectionThrowsDaoException()
]]></system-out>
</testcase>
<testcase name="removeByIdWhenBadConnectionThrowsDaoException()" classname="com.courses.airport.dao.AirDaoMockTest" time="0.033">
<system-out><![CDATA[
unique-id: [engine:junit-jupiter]/[class:com.courses.airport.dao.AirDaoMockTest]/[method:removeByIdWhenBadConnectionThrowsDaoException()]
display-name: removeByIdWhenBadConnectionThrowsDaoException()
]]></system-out>
</testcase>
<testcase name="findAllWhenBadConnectionThrowsDaoException()" classname="com.courses.airport.dao.AirDaoMockTest" time="0.039">
<system-out><![CDATA[
unique-id: [engine:junit-jupiter]/[class:com.courses.airport.dao.AirDaoMockTest]/[method:findAllWhenBadConnectionThrowsDaoException()]
display-name: findAllWhenBadConnectionThrowsDaoException()
]]></system-out>
</testcase>
<testcase name="findByIdWhenBadConnectionThrowsDaoException()" classname="com.courses.airport.dao.AirDaoMockTest" time="0.031">
<system-out><![CDATA[
unique-id: [engine:junit-jupiter]/[class:com.courses.airport.dao.AirDaoMockTest]/[method:findByIdWhenBadConnectionThrowsDaoException()]
display-name: findByIdWhenBadConnectionThrowsDaoException()
]]></system-out>
</testcase>
<testcase name="insertWhenExecuteUpdatePositiveDataReturnsTrue()" classname="com.courses.airport.dao.AirDaoMockTest" time="0.149">
<system-out><![CDATA[
unique-id: [engine:junit-jupiter]/[class:com.courses.airport.dao.AirDaoMockTest]/[method:insertWhenExecuteUpdatePositiveDataReturnsTrue()]
display-name: insertWhenExecuteUpdatePositiveDataReturnsTrue()
]]></system-out>
</testcase>
<testcase name="insertWhenBadConnectionThrowsDAOException()" classname="com.courses.airport.dao.AirDaoMockTest" time="0.026">
<system-out><![CDATA[
unique-id: [engine:junit-jupiter]/[class:com.courses.airport.dao.AirDaoMockTest]/[method:insertWhenBadConnectionThrowsDAOException()]
display-name: insertWhenBadConnectionThrowsDAOException()
]]></system-out>
</testcase>
<testcase name="insertWhenExecuteUpdateNegativeDataReturnsTrue()" classname="com.courses.airport.dao.AirDaoMockTest" time="0.074">
<system-out><![CDATA[
unique-id: [engine:junit-jupiter]/[class:com.courses.airport.dao.AirDaoMockTest]/[method:insertWhenExecuteUpdateNegativeDataReturnsTrue()]
display-name: insertWhenExecuteUpdateNegativeDataReturnsTrue()
]]></system-out>
</testcase>
<testcase name="findByIdWhenEmptyResultSetReturnsNull()" classname="com.courses.airport.dao.AirDaoMockTest" time="0.118">
<system-out><![CDATA[
unique-id: [engine:junit-jupiter]/[class:com.courses.airport.dao.AirDaoMockTest]/[method:findByIdWhenEmptyResultSetReturnsNull()]
display-name: findByIdWhenEmptyResultSetReturnsNull()
]]></system-out>
</testcase>
<testcase name="insertWhenAirportIsNullThrowsDaoException()" classname="com.courses.airport.dao.AirportDaoTest" time="1.457">
<system-out><![CDATA[
unique-id: [engine:junit-jupiter]/[class:com.courses.airport.dao.AirportDaoTest]/[method:insertWhenAirportIsNullThrowsDaoException()]
display-name: insertWhenAirportIsNullThrowsDaoException()
]]></system-out>
</testcase>
<testcase name="removeByIdWithNegativeIdThrowsDaoException()" classname="com.courses.airport.dao.AirportDaoTest" time="0.017">
<system-out><![CDATA[
unique-id: [engine:junit-jupiter]/[class:com.courses.airport.dao.AirportDaoTest]/[method:removeByIdWithNegativeIdThrowsDaoException()]
display-name: removeByIdWithNegativeIdThrowsDaoException()
]]></system-out>
</testcase>
<testcase name="removeByIdWithNotExistingReturnsFalse()" classname="com.courses.airport.dao.AirportDaoTest" time="0.169">
<system-out><![CDATA[
unique-id: [engine:junit-jupiter]/[class:com.courses.airport.dao.AirportDaoTest]/[method:removeByIdWithNotExistingReturnsFalse()]
display-name: removeByIdWithNotExistingReturnsFalse()
]]></system-out>
</testcase>
<testcase name="findByIdWithNegativeIdThrowsDaoException()" classname="com.courses.airport.dao.AirportDaoTest" time="0.035">
<system-out><![CDATA[
unique-id: [engine:junit-jupiter]/[class:com.courses.airport.dao.AirportDaoTest]/[method:findByIdWithNegativeIdThrowsDaoException()]
display-name: findByIdWithNegativeIdThrowsDaoException()
]]></system-out>
</testcase>
<testcase name="findAllWhenTableHasDataReturnsListOfAirport()" classname="com.courses.airport.dao.AirportDaoTest" time="0.039">
<system-out><![CDATA[
unique-id: [engine:junit-jupiter]/[class:com.courses.airport.dao.AirportDaoTest]/[method:findAllWhenTableHasDataReturnsListOfAirport()]
display-name: findAllWhenTableHasDataReturnsListOfAirport()
]]></system-out>
</testcase>
<testcase name="findByIdWithExistingIdReturnsAirport()" classname="com.courses.airport.dao.AirportDaoTest" time="0.018">
<system-out><![CDATA[
unique-id: [engine:junit-jupiter]/[class:com.courses.airport.dao.AirportDaoTest]/[method:findByIdWithExistingIdReturnsAirport()]
display-name: findByIdWithExistingIdReturnsAirport()
]]></system-out>
</testcase>
<testcase name="removeByIdWithExistingIdReturnsTrue()" classname="com.courses.airport.dao.AirportDaoTest" time="0.016">
<system-out><![CDATA[
unique-id: [engine:junit-jupiter]/[class:com.courses.airport.dao.AirportDaoTest]/[method:removeByIdWithExistingIdReturnsTrue()]
display-name: removeByIdWithExistingIdReturnsTrue()
]]></system-out>
</testcase>
<testcase name="updateWhenAirportIsNullThrowsDaoException()" classname="com.courses.airport.dao.AirportDaoTest" time="0.012">
<system-out><![CDATA[
unique-id: [engine:junit-jupiter]/[class:com.courses.airport.dao.AirportDaoTest]/[method:updateWhenAirportIsNullThrowsDaoException()]
display-name: updateWhenAirportIsNullThrowsDaoException()
]]></system-out>
</testcase>
<testcase name="findAllWhenTableHasNoDataReturnsEmptyList()" classname="com.courses.airport.dao.AirportDaoTest" time="0.011">
<system-out><![CDATA[
unique-id: [engine:junit-jupiter]/[class:com.courses.airport.dao.AirportDaoTest]/[method:findAllWhenTableHasNoDataReturnsEmptyList()]
display-name: findAllWhenTableHasNoDataReturnsEmptyList()
]]></system-out>
</testcase>
<testcase name="insertWithValidDataReturnsTrue()" classname="com.courses.airport.dao.AirportDaoTest" time="0.015">
<system-out><![CDATA[
unique-id: [engine:junit-jupiter]/[class:com.courses.airport.dao.AirportDaoTest]/[method:insertWithValidDataReturnsTrue()]
display-name: insertWithValidDataReturnsTrue()
]]></system-out>
</testcase>
<testcase name="updateWhenEntryExistsReturnsTrue()" classname="com.courses.airport.dao.AirportDaoTest" time="0.042">
<system-out><![CDATA[
unique-id: [engine:junit-jupiter]/[class:com.courses.airport.dao.AirportDaoTest]/[method:updateWhenEntryExistsReturnsTrue()]
display-name: updateWhenEntryExistsReturnsTrue()
]]></system-out>
</testcase>
<testcase name="insertWhenAirportHasNullElementThrowsDAOException()" classname="com.courses.airport.dao.AirportDaoTest" time="0.024">
<system-out><![CDATA[
unique-id: [engine:junit-jupiter]/[class:com.courses.airport.dao.AirportDaoTest]/[method:insertWhenAirportHasNullElementThrowsDAOException()]
display-name: insertWhenAirportHasNullElementThrowsDAOException()
]]></system-out>
</testcase>
<testcase name="findByIdWithNotExistingIdReturnsNull()" classname="com.courses.airport.dao.AirportDaoTest" time="0.019">
<system-out><![CDATA[
unique-id: [engine:junit-jupiter]/[class:com.courses.airport.dao.AirportDaoTest]/[method:findByIdWithNotExistingIdReturnsNull()]
display-name: findByIdWithNotExistingIdReturnsNull()
]]></system-out>
</testcase>
<testcase name="updateWhenEntryNotExistsReturnsFalse()" classname="com.courses.airport.dao.AirportDaoTest" time="0.021">
<system-out><![CDATA[
unique-id: [engine:junit-jupiter]/[class:com.courses.airport.dao.AirportDaoTest]/[method:updateWhenEntryNotExistsReturnsFalse()]
display-name: updateWhenEntryNotExistsReturnsFalse()
]]></system-out>
</testcase>
<testcase name="removeByIdWithNegativeIdThrowsDaoException()" classname="com.courses.airport.dao.TicketDaoMockTest" time="0.033">
<system-out><![CDATA[
unique-id: [engine:junit-jupiter]/[class:com.courses.airport.dao.TicketDaoMockTest]/[method:removeByIdWithNegativeIdThrowsDaoException()]
display-name: removeByIdWithNegativeIdThrowsDaoException()
]]></system-out>
</testcase>
<testcase name="findByIdWithNegativeIdThrowsDaoException()" classname="com.courses.airport.dao.TicketDaoMockTest" time="0.023">
<system-out><![CDATA[
unique-id: [engine:junit-jupiter]/[class:com.courses.airport.dao.TicketDaoMockTest]/[method:findByIdWithNegativeIdThrowsDaoException()]
display-name: findByIdWithNegativeIdThrowsDaoException()
]]></system-out>
</testcase>
<testcase name="updateWhenBadConnectionThrowsDaoException()" classname="com.courses.airport.dao.TicketDaoMockTest" time="0.037">
<system-out><![CDATA[
unique-id: [engine:junit-jupiter]/[class:com.courses.airport.dao.TicketDaoMockTest]/[method:updateWhenBadConnectionThrowsDaoException()]
display-name: updateWhenBadConnectionThrowsDaoException()
]]></system-out>
</testcase>
<testcase name="removeByIdWhenBadConnectionThrowsDaoException()" classname="com.courses.airport.dao.TicketDaoMockTest" time="0.023">
<system-out><![CDATA[
unique-id: [engine:junit-jupiter]/[class:com.courses.airport.dao.TicketDaoMockTest]/[method:removeByIdWhenBadConnectionThrowsDaoException()]
display-name: removeByIdWhenBadConnectionThrowsDaoException()
]]></system-out>
</testcase>
<testcase name="findAllWhenBadConnectionThrowsDaoException()" classname="com.courses.airport.dao.TicketDaoMockTest" time="0.022">
<system-out><![CDATA[
unique-id: [engine:junit-jupiter]/[class:com.courses.airport.dao.TicketDaoMockTest]/[method:findAllWhenBadConnectionThrowsDaoException()]
display-name: findAllWhenBadConnectionThrowsDaoException()
]]></system-out>
</testcase>
<testcase name="findByIdWhenBadConnectionThrowsDaoException()" classname="com.courses.airport.dao.TicketDaoMockTest" time="0.022">
<system-out><![CDATA[
unique-id: [engine:junit-jupiter]/[class:com.courses.airport.dao.TicketDaoMockTest]/[method:findByIdWhenBadConnectionThrowsDaoException()]
display-name: findByIdWhenBadConnectionThrowsDaoException()
]]></system-out>
</testcase>
<testcase name="insertWhenExecuteUpdatePositiveDataReturnsTrue()" classname="com.courses.airport.dao.TicketDaoMockTest" time="0.093">
<system-out><![CDATA[
unique-id: [engine:junit-jupiter]/[class:com.courses.airport.dao.TicketDaoMockTest]/[method:insertWhenExecuteUpdatePositiveDataReturnsTrue()]
display-name: insertWhenExecuteUpdatePositiveDataReturnsTrue()
]]></system-out>
</testcase>
<testcase name="findByIdWithExistingIdReturnsTicket()" classname="com.courses.airport.dao.TicketDaoMockTest" time="0.112">
<system-out><![CDATA[
unique-id: [engine:junit-jupiter]/[class:com.courses.airport.dao.TicketDaoMockTest]/[method:findByIdWithExistingIdReturnsTicket()]
display-name: findByIdWithExistingIdReturnsTicket()
]]></system-out>
</testcase>
<testcase name="insertWhenBadConnectionThrowsDAOException()" classname="com.courses.airport.dao.TicketDaoMockTest" time="0.026">
<system-out><![CDATA[
unique-id: [engine:junit-jupiter]/[class:com.courses.airport.dao.TicketDaoMockTest]/[method:insertWhenBadConnectionThrowsDAOException()]
display-name: insertWhenBadConnectionThrowsDAOException()
]]></system-out>
</testcase>
<testcase name="insertWhenExecuteUpdateNegativeDataReturnsTrue()" classname="com.courses.airport.dao.TicketDaoMockTest" time="0.046">
<system-out><![CDATA[
unique-id: [engine:junit-jupiter]/[class:com.courses.airport.dao.TicketDaoMockTest]/[method:insertWhenExecuteUpdateNegativeDataReturnsTrue()]
display-name: insertWhenExecuteUpdateNegativeDataReturnsTrue()
]]></system-out>
</testcase>
<testcase name="findByIdWhenEmptyResultSetReturnsNull()" classname="com.courses.airport.dao.TicketDaoMockTest" time="0.074">
<system-out><![CDATA[
unique-id: [engine:junit-jupiter]/[class:com.courses.airport.dao.TicketDaoMockTest]/[method:findByIdWhenEmptyResultSetReturnsNull()]
display-name: findByIdWhenEmptyResultSetReturnsNull()
]]></system-out>
</testcase>
<testcase name="findAllWhenTableHasDataReturnsListOfTickets()" classname="com.courses.airport.dao.TicketsDaoTest" time="0.02">
<system-out><![CDATA[
unique-id: [engine:junit-jupiter]/[class:com.courses.airport.dao.TicketsDaoTest]/[method:findAllWhenTableHasDataReturnsListOfTickets()]
display-name: findAllWhenTableHasDataReturnsListOfTickets()
]]></system-out>
</testcase>
<testcase name="removeByIdWithNegativeIdThrowsDaoException()" classname="com.courses.airport.dao.TicketsDaoTest" time="0.012">
<system-out><![CDATA[
unique-id: [engine:junit-jupiter]/[class:com.courses.airport.dao.TicketsDaoTest]/[method:removeByIdWithNegativeIdThrowsDaoException()]
display-name: removeByIdWithNegativeIdThrowsDaoException()
]]></system-out>
</testcase>
<testcase name="removeByIdWithNotExistingReturnsFalse()" classname="com.courses.airport.dao.TicketsDaoTest" time="0.015">
<system-out><![CDATA[
unique-id: [engine:junit-jupiter]/[class:com.courses.airport.dao.TicketsDaoTest]/[method:removeByIdWithNotExistingReturnsFalse()]
display-name: removeByIdWithNotExistingReturnsFalse()
]]></system-out>
</testcase>
<testcase name="findByIdWithNegativeIdThrowsDaoException()" classname="com.courses.airport.dao.TicketsDaoTest" time="0.017">
<system-out><![CDATA[
unique-id: [engine:junit-jupiter]/[class:com.courses.airport.dao.TicketsDaoTest]/[method:findByIdWithNegativeIdThrowsDaoException()]
display-name: findByIdWithNegativeIdThrowsDaoException()
]]></system-out>
</testcase>
<testcase name="removeByIdWithExistingIdReturnsTrue()" classname="com.courses.airport.dao.TicketsDaoTest" time="0.022">
<system-out><![CDATA[
unique-id: [engine:junit-jupiter]/[class:com.courses.airport.dao.TicketsDaoTest]/[method:removeByIdWithExistingIdReturnsTrue()]
display-name: removeByIdWithExistingIdReturnsTrue()
]]></system-out>
</testcase>
<testcase name="insertWhenTicketHasNullElementThrowsDAOException()" classname="com.courses.airport.dao.TicketsDaoTest" time="0.018">
<system-out><![CDATA[
unique-id: [engine:junit-jupiter]/[class:com.courses.airport.dao.TicketsDaoTest]/[method:insertWhenTicketHasNullElementThrowsDAOException()]
display-name: insertWhenTicketHasNullElementThrowsDAOException()
]]></system-out>
</testcase>
<testcase name="insertWhenTicketIsNullThrowsDaoException()" classname="com.courses.airport.dao.TicketsDaoTest" time="0.01">
<system-out><![CDATA[
unique-id: [engine:junit-jupiter]/[class:com.courses.airport.dao.TicketsDaoTest]/[method:insertWhenTicketIsNullThrowsDaoException()]
display-name: insertWhenTicketIsNullThrowsDaoException()
]]></system-out>
</testcase>
<testcase name="findAllWhenTableHasNoDataReturnsEmptyList()" classname="com.courses.airport.dao.TicketsDaoTest" time="0.01">
<system-out><![CDATA[
unique-id: [engine:junit-jupiter]/[class:com.courses.airport.dao.TicketsDaoTest]/[method:findAllWhenTableHasNoDataReturnsEmptyList()]
display-name: findAllWhenTableHasNoDataReturnsEmptyList()
]]></system-out>
</testcase>
<testcase name="insertWithValidDataReturnsTrue()" classname="com.courses.airport.dao.TicketsDaoTest" time="0.01">
<system-out><![CDATA[
unique-id: [engine:junit-jupiter]/[class:com.courses.airport.dao.TicketsDaoTest]/[method:insertWithValidDataReturnsTrue()]
display-name: insertWithValidDataReturnsTrue()
]]></system-out>
</testcase>
<testcase name="updateWhenEntryExistsReturnsTrue()" classname="com.courses.airport.dao.TicketsDaoTest" time="0.03">
<system-out><![CDATA[
unique-id: [engine:junit-jupiter]/[class:com.courses.airport.dao.TicketsDaoTest]/[method:updateWhenEntryExistsReturnsTrue()]
display-name: updateWhenEntryExistsReturnsTrue()
]]></system-out>
</testcase>
<testcase name="findByIdWithNotExistingIdReturnsNull()" classname="com.courses.airport.dao.TicketsDaoTest" time="0.011">
<system-out><![CDATA[
unique-id: [engine:junit-jupiter]/[class:com.courses.airport.dao.TicketsDaoTest]/[method:findByIdWithNotExistingIdReturnsNull()]
display-name: findByIdWithNotExistingIdReturnsNull()
]]></system-out>
</testcase>
<testcase name="findByIdWithExistingIdReturnsTicket()" classname="com.courses.airport.dao.TicketsDaoTest" time="0.014">
<system-out><![CDATA[
unique-id: [engine:junit-jupiter]/[class:com.courses.airport.dao.TicketsDaoTest]/[method:findByIdWithExistingIdReturnsTicket()]
display-name: findByIdWithExistingIdReturnsTicket()
]]></system-out>
</testcase>
<testcase name="updateWhenTicketIsNullThrowsDaoException()" classname="com.courses.airport.dao.TicketsDaoTest" time="0.011">
<system-out><![CDATA[
unique-id: [engine:junit-jupiter]/[class:com.courses.airport.dao.TicketsDaoTest]/[method:updateWhenTicketIsNullThrowsDaoException()]
display-name: updateWhenTicketIsNullThrowsDaoException()
]]></system-out>
</testcase>
<testcase name="updateWhenEntryNotExistsReturnsFalse()" classname="com.courses.airport.dao.TicketsDaoTest" time="0.021">
<system-out><![CDATA[
unique-id: [engine:junit-jupiter]/[class:com.courses.airport.dao.TicketsDaoTest]/[method:updateWhenEntryNotExistsReturnsFalse()]
display-name: updateWhenEntryNotExistsReturnsFalse()
]]></system-out>
</testcase>
<system-out><![CDATA[
unique-id: [engine:junit-jupiter]
display-name: JUnit Jupiter
]]></system-out>
</testsuite>
